<?xml version="1.0" encoding="UTF-8"?>
<testsuite name="SolutionTest" tests="3" skipped="0" failures="0" errors="0" timestamp="2022-06-24T08:43:30" hostname="yuanyu-ubuntu" time="0.032">
  <properties/>
  <testcase name="networkDelayTimeExample1()" classname="SolutionTest" time="0.028"/>
  <testcase name="networkDelayTimeExample2()" classname="SolutionTest" time="0.001"/>
  <testcase name="networkDelayTimeExample3()" classname="SolutionTest" time="0.001"/>
  <system-out><![CDATA[]]></system-out>
  <system-err><![CDATA[]]></system-err>
</testsuite>
